12:11:35.899  619  DEBUG fr.sparna.rdf.xls2rdf.app.Convert - Will use output format : text/turtle
12:11:35.905  625  DEBUG fr.sparna.rdf.xls2rdf.app.Convert - Will use ModelWriter : fr.sparna.rdf.xls2rdf.OutputStreamModelWriter
12:11:36.637  1357 DEBUG f.s.rdf.xls2rdf.Xls2RdfConverter - Processing sheet: Sheet1
12:11:36.642  1362 INFO  f.sparna.rdf.xls2rdf.RdfizableSheet - Found proper property in header : https://vocabs.lter-europe.net/so/
12:11:36.645  1365 INFO  f.sparna.rdf.xls2rdf.RdfizableSheet - Found proper property in header : http://purl.org/pav/
12:11:36.646  1366 INFO  f.sparna.rdf.xls2rdf.RdfizableSheet - Found proper property in header : http://purl.org/dc/terms/
12:11:36.647  1367 INFO  f.sparna.rdf.xls2rdf.RdfizableSheet - Found proper property in header : http://www.w3.org/2002/07/owl#
12:11:36.648  1368 INFO  f.sparna.rdf.xls2rdf.RdfizableSheet - Found proper property in header : http://www.w3.org/2001/XMLSchema#
12:11:36.651  1371 INFO  f.sparna.rdf.xls2rdf.RdfizableSheet - Found proper property in header : https://w3id.org/iadopt/ont/
12:11:36.653  1373 INFO  f.sparna.rdf.xls2rdf.RdfizableSheet - Found proper property in header : https://w3id.org/env/puv#
12:11:36.654  1374 INFO  f.sparna.rdf.xls2rdf.RdfizableSheet - Found proper property in header : http://www.w3.org/ns/sosa/
12:11:36.656  1376 INFO  f.sparna.rdf.xls2rdf.RdfizableSheet - Found proper property in header : http://purl.obolibrary.org/obo/
12:11:36.660  1380 INFO  f.sparna.rdf.xls2rdf.RdfizableSheet - Found proper property in header : http://vocabs.lter-europe.net/EnvThes/
12:11:36.663  1383 INFO  f.sparna.rdf.xls2rdf.RdfizableSheet - Found proper property in header : http://qudt.org/vocab/
12:11:36.668  1388 INFO  f.sparna.rdf.xls2rdf.RdfizableSheet - Found proper property in header : https://orcid.org/0000-0003-2195-3997
12:11:36.669  1389 INFO  f.sparna.rdf.xls2rdf.RdfizableSheet - Found proper property in header : https://spdx.org/licenses/CC-BY-4.0
12:11:36.675  1395 INFO  f.sparna.rdf.xls2rdf.RdfizableSheet - Found proper property in header : http://www.w3.org/2004/02/skos/core#prefLabel
12:11:36.676  1396 INFO  f.sparna.rdf.xls2rdf.RdfizableSheet - Found proper property in header : http://www.w3.org/1999/02/22-rdf-syntax-ns#type
12:11:36.677  1397 INFO  f.sparna.rdf.xls2rdf.RdfizableSheet - Found proper property in header : http://www.w3.org/2004/02/skos/core#notation
12:11:36.677  1397 INFO  f.sparna.rdf.xls2rdf.RdfizableSheet - Found proper property in header : http://www.w3.org/2004/02/skos/core#inScheme
12:11:36.679  1399 INFO  f.sparna.rdf.xls2rdf.RdfizableSheet - Found proper property in header : http://www.w3.org/2004/02/skos/core#definition
12:11:36.680  1400 INFO  f.sparna.rdf.xls2rdf.RdfizableSheet - Found proper property in header : http://purl.org/dc/terms/source
12:11:36.681  1401 INFO  f.sparna.rdf.xls2rdf.RdfizableSheet - Found proper property in header : http://www.w3.org/2004/02/skos/core#member
12:11:36.682  1402 INFO  f.sparna.rdf.xls2rdf.RdfizableSheet - Found proper property in header : http://www.w3.org/2004/02/skos/core#exactMatch
12:11:36.683  1403 INFO  f.sparna.rdf.xls2rdf.RdfizableSheet - Found proper property in header : http://purl.org/dc/terms/isReplacedBy
12:11:36.684  1404 INFO  f.sparna.rdf.xls2rdf.RdfizableSheet - Found at least 2 headers with proper property declaration in the first 10 columns, title row is at index 21
12:11:36.685  1405 DEBUG f.s.rdf.xls2rdf.Xls2RdfConverter - Found title row at index 21
12:11:36.694  1414 DEBUG f.s.rdf.xls2rdf.Xls2RdfConverter - Adding value on header object "eLTER SOs" with lang en
12:11:36.697  1417 DEBUG f.s.rdf.xls2rdf.Xls2RdfConverter - Adding value on header object "eLTER Standard Observations" with lang en
12:11:36.698  1418 DEBUG f.s.rdf.xls2rdf.Xls2RdfConverter - Adding value on header object "Thesaurus for eLTER Standard Observations" with lang en
12:11:36.700  1420 DEBUG f.s.rdf.xls2rdf.Xls2RdfConverter - Adding value on header object "https://orcid.org/0000-0003-2195-3997" with lang en
12:11:36.701  1421 DEBUG f.s.rdf.xls2rdf.Xls2RdfConverter - Adding value on header object "https://spdx.org/licenses/CC-BY-4.0" with lang en
12:11:36.702  1422 DEBUG f.s.rdf.xls2rdf.Xls2RdfConverter - Adding value on header object "0.0.1" with lang en
12:11:36.703  1423 DEBUG f.s.rdf.xls2rdf.Xls2RdfConverter - Adding value on header object "2023-08-16T11:00:00+00:00" with lang en
12:11:36.703  1423 DEBUG f.s.rdf.xls2rdf.Xls2RdfConverter - Adding value on header object "2023-08-16T11:00:00+00:00" with lang en
12:11:36.704  1424 DEBUG f.s.rdf.xls2rdf.Xls2RdfConverter - Converting data with these column headers: 
12:11:36.704  1424 DEBUG f.s.rdf.xls2rdf.Xls2RdfConverter - ColumnHeader [originalValue=Identifier, language=Optional.empty, datatype=Optional.empty, property=null, declaredProperty=Identifier, inverse=false, parameters={}, id=null, reconcileOn=null, headerCell=Identifier]
12:11:36.709  1429 DEBUG f.s.rdf.xls2rdf.Xls2RdfConverter - ColumnHeader [originalValue=skos:prefLabel@en, language=Optional[en], datatype=Optional.empty, property=http://www.w3.org/2004/02/skos/core#prefLabel, declaredProperty=skos:prefLabel, inverse=false, parameters={}, id=null, reconcileOn=null, headerCell=skos:prefLabel@en]
12:11:36.710  1430 DEBUG f.s.rdf.xls2rdf.Xls2RdfConverter - ColumnHeader [originalValue=rdf:type, language=Optional.empty, datatype=Optional.empty, property=http://www.w3.org/1999/02/22-rdf-syntax-ns#type, declaredProperty=rdf:type, inverse=false, parameters={}, id=null, reconcileOn=null, headerCell=rdf:type]
12:11:36.712  1432 DEBUG f.s.rdf.xls2rdf.Xls2RdfConverter - ColumnHeader [originalValue=skos:notation, language=Optional.empty, datatype=Optional.empty, property=http://www.w3.org/2004/02/skos/core#notation, declaredProperty=skos:notation, inverse=false, parameters={}, id=null, reconcileOn=null, headerCell=skos:notation]
12:11:36.712  1432 DEBUG f.s.rdf.xls2rdf.Xls2RdfConverter - ColumnHeader [originalValue=skos:inScheme, language=Optional.empty, datatype=Optional.empty, property=http://www.w3.org/2004/02/skos/core#inScheme, declaredProperty=skos:inScheme, inverse=false, parameters={}, id=null, reconcileOn=null, headerCell=skos:inScheme]
12:11:36.713  1433 DEBUG f.s.rdf.xls2rdf.Xls2RdfConverter - ColumnHeader [originalValue=skos:definition@en, language=Optional[en], datatype=Optional.empty, property=http://www.w3.org/2004/02/skos/core#definition, declaredProperty=skos:definition, inverse=false, parameters={}, id=null, reconcileOn=null, headerCell=skos:definition@en]
12:11:36.714  1434 DEBUG f.s.rdf.xls2rdf.Xls2RdfConverter - ColumnHeader [originalValue=dct:source(separator=","), language=Optional.empty, datatype=Optional.empty, property=http://purl.org/dc/terms/source, declaredProperty=dct:source, inverse=false, parameters={separator=,}, id=null, reconcileOn=null, headerCell=dct:source(separator=",")]
12:11:36.714  1434 DEBUG f.s.rdf.xls2rdf.Xls2RdfConverter - ColumnHeader [originalValue=
^skos:member, language=Optional.empty, datatype=Optional.empty, property=null, declaredProperty=
^skos:member, inverse=false, parameters={}, id=null, reconcileOn=null, headerCell=
^skos:member]
12:11:36.715  1435 DEBUG f.s.rdf.xls2rdf.Xls2RdfConverter - ColumnHeader [originalValue=skos:exactMatch(separator=","), language=Optional.empty, datatype=Optional.empty, property=http://www.w3.org/2004/02/skos/core#exactMatch, declaredProperty=skos:exactMatch, inverse=false, parameters={separator=,}, id=null, reconcileOn=null, headerCell=skos:exactMatch(separator=",")]
12:11:36.716  1436 DEBUG f.s.rdf.xls2rdf.Xls2RdfConverter - ColumnHeader [originalValue=dct:isReplacedBy, language=Optional.empty, datatype=Optional.empty, property=http://purl.org/dc/terms/isReplacedBy, declaredProperty=dct:isReplacedBy, inverse=false, parameters={}, id=null, reconcileOn=null, headerCell=dct:isReplacedBy]
12:11:36.716  1436 DEBUG f.s.rdf.xls2rdf.Xls2RdfConverter - ColumnHeader [originalValue=skos:closeMatch(separator=","), language=Optional.empty, datatype=Optional.empty, property=http://www.w3.org/2004/02/skos/core#closeMatch, declaredProperty=skos:closeMatch, inverse=false, parameters={separator=,}, id=null, reconcileOn=null, headerCell=skos:closeMatch(separator=",")]
12:11:36.717  1437 DEBUG f.s.rdf.xls2rdf.Xls2RdfConverter - ColumnHeader [originalValue=skos:narrowMatch(separator=","), language=Optional.empty, datatype=Optional.empty, property=http://www.w3.org/2004/02/skos/core#narrowMatch, declaredProperty=skos:narrowMatch, inverse=false, parameters={separator=,}, id=null, reconcileOn=null, headerCell=skos:narrowMatch(separator=",")]
12:11:36.719  1439 DEBUG f.s.rdf.xls2rdf.Xls2RdfConverter - ColumnHeader [originalValue=skos:related(separator=","), language=Optional.empty, datatype=Optional.empty, property=http://www.w3.org/2004/02/skos/core#related, declaredProperty=skos:related, inverse=false, parameters={separator=,}, id=null, reconcileOn=null, headerCell=skos:related(separator=",")]
12:11:36.720  1440 DEBUG f.s.rdf.xls2rdf.Xls2RdfConverter - ColumnHeader [originalValue=obo:RO_0002351(separator=","), language=Optional.empty, datatype=Optional.empty, property=http://purl.obolibrary.org/obo/RO_0002351, declaredProperty=obo:RO_0002351, inverse=false, parameters={separator=,}, id=null, reconcileOn=null, headerCell=obo:RO_0002351(separator=",")]
12:11:36.720  1440 DEBUG f.s.rdf.xls2rdf.Xls2RdfConverter - ColumnHeader [originalValue=skos:broadMatch(separator=","), language=Optional.empty, datatype=Optional.empty, property=http://www.w3.org/2004/02/skos/core#broadMatch, declaredProperty=skos:broadMatch, inverse=false, parameters={separator=,}, id=null, reconcileOn=null, headerCell=skos:broadMatch(separator=",")]
12:11:36.721  1441 DEBUG f.s.rdf.xls2rdf.Xls2RdfConverter - ColumnHeader [originalValue=owl:sameAs(separator=","), language=Optional.empty, datatype=Optional.empty, property=http://www.w3.org/2002/07/owl#sameAs, declaredProperty=owl:sameAs, inverse=false, parameters={separator=,}, id=null, reconcileOn=null, headerCell=owl:sameAs(separator=",")]
12:11:36.721  1441 DEBUG f.s.rdf.xls2rdf.Xls2RdfConverter - ColumnHeader [originalValue=rdfs:seeAlso, language=Optional.empty, datatype=Optional.empty, property=http://www.w3.org/2000/01/rdf-schema#seeAlso, declaredProperty=rdfs:seeAlso, inverse=false, parameters={}, id=null, reconcileOn=null, headerCell=rdfs:seeAlso]
12:11:36.722  1442 DEBUG f.s.rdf.xls2rdf.Xls2RdfConverter - ColumnHeader [originalValue=dct:contributor, language=Optional.empty, datatype=Optional.empty, property=http://purl.org/dc/terms/contributor, declaredProperty=dct:contributor, inverse=false, parameters={}, id=null, reconcileOn=null, headerCell=dct:contributor]
12:11:36.722  1442 DEBUG f.s.rdf.xls2rdf.Xls2RdfConverter - ColumnHeader [originalValue=dct:created^^xsd:date, language=Optional.empty, datatype=Optional[http://www.w3.org/2001/XMLSchema#date], property=http://purl.org/dc/terms/created, declaredProperty=dct:created, inverse=false, parameters={}, id=null, reconcileOn=null, headerCell=dct:created^^xsd:date]
12:11:36.723  1443 DEBUG f.s.rdf.xls2rdf.Xls2RdfConverter - ColumnHeader [originalValue=dct:creator, language=Optional.empty, datatype=Optional.empty, property=http://purl.org/dc/terms/creator, declaredProperty=dct:creator, inverse=false, parameters={}, id=null, reconcileOn=null, headerCell=dct:creator]
12:11:36.724  1444 DEBUG f.s.rdf.xls2rdf.Xls2RdfConverter - ColumnHeader [originalValue=dct:modified^^xsd:date, language=Optional.empty, datatype=Optional[http://www.w3.org/2001/XMLSchema#date], property=http://purl.org/dc/terms/modified, declaredProperty=dct:modified, inverse=false, parameters={}, id=null, reconcileOn=null, headerCell=dct:modified^^xsd:date]
12:11:36.725  1445 INFO  f.s.rdf.xls2rdf.Xls2RdfConverter - Converting rows...
12:11:36.789  1509 INFO  f.s.rdf.xls2rdf.Xls2RdfConverter - Applying SKOS post-processings on the result
12:11:36.797  1517 DEBUG f.s.rdf.xls2rdf.SkosPostProcessor - Postprocessing : SkosPostProcessor
12:11:36.798  1518 DEBUG f.s.rdf.xls2rdf.SkosPostProcessor - Considering main resource like a ConceptScheme.
12:11:36.799  1519 DEBUG f.s.rdf.xls2rdf.SkosPostProcessor - Adding inverse skos:broader and skos:narrower
12:11:36.804  1524 DEBUG f.s.rdf.xls2rdf.SkosPostProcessor - Adding skos:inScheme
12:11:36.805  1525 DEBUG f.s.rdf.xls2rdf.SkosPostProcessor - Setting rdf:type skos:ConceptScheme to main resource
12:11:36.806  1526 DEBUG f.s.rdf.xls2rdf.SkosPostProcessor - Adding skos:hasTopConcept / skos:topConceptOf
12:11:36.808  1528 DEBUG f.s.rdf.xls2rdf.Xls2RdfConverter - Saving graph of 9 statements generated from Sheet Sheet1
